18:14:47.252 [main] INFO  org.testng.internal.Utils - [TestNG] Running:
  C:\Users\admin\AppData\Local\Temp\testng-eclipse--1325894064\testng-customsuite.xml

18:14:47.397 [main] INFO  org.testng.internal.Utils - [Utils] DynamicGraphHelper.createDynamicGraph() took 33 ms.
18:14:47.502 [main] ERROR org.testng.internal.Utils - [Error] org.testng.TestNGException: 
Method void testCases.TC003_LoginDDT.verify_loginDDT(java.lang.String,java.lang.String,java.lang.String) requires a @DataProvider named : LoginData in class org.testng.annotations.DataProvider
	at org.testng.internal.Parameters.findDataProvider(Parameters.java:532)
	at org.testng.internal.Parameters.handleParameters(Parameters.java:769)
	at org.testng.internal.Parameters.handleParameters(Parameters.java:734)
	at org.testng.internal.invokers.ParameterHandler.handleParameters(ParameterHandler.java:72)
	at org.testng.internal.invokers.ParameterHandler.createParameters(ParameterHandler.java:51)
	at org.testng.internal.invokers.TestInvoker$MethodInvocationAgent.invoke(TestInvoker.java:946)
	at org.testng.internal.invokers.TestInvoker.invokeTestMethods(TestInvoker.java:203)
	at org.testng.internal.invokers.TestMethodWorker.invokeTestMethods(TestMethodWorker.java:154)
	at org.testng.internal.invokers.TestMethodWorker.run(TestMethodWorker.java:134)
	at java.base/java.util.ArrayList.forEach(ArrayList.java:1511)
	at org.testng.TestRunner.privateRun(TestRunner.java:739)
	at org.testng.TestRunner.run(TestRunner.java:614)
	at org.testng.SuiteRunner.runTest(SuiteRunner.java:421)
	at org.testng.SuiteRunner.runSequentially(SuiteRunner.java:413)
	at org.testng.SuiteRunner.privateRun(SuiteRunner.java:373)
	at org.testng.SuiteRunner.run(SuiteRunner.java:312)
	at org.testng.SuiteRunnerWorker.runSuite(SuiteRunnerWorker.java:52)
	at org.testng.SuiteRunnerWorker.run(SuiteRunnerWorker.java:95)
	at org.testng.TestNG.runSuitesSequentially(TestNG.java:1274)
	at org.testng.TestNG.runSuitesLocally(TestNG.java:1208)
	at org.testng.TestNG.runSuites(TestNG.java:1112)
	at org.testng.TestNG.run(TestNG.java:1079)
	at org.testng.remote.AbstractRemoteTestNG.run(AbstractRemoteTestNG.java:115)
	at org.testng.remote.RemoteTestNG.initAndRun(RemoteTestNG.java:293)
	at org.testng.remote.RemoteTestNG.main(RemoteTestNG.java:91)

18:14:48.647 [main] INFO  org.testng.internal.Utils - [TestNG] Time taken by org.testng.reporters.jq.Main@5c08c46a: 840 ms
18:14:48.748 [main] INFO  org.testng.internal.Utils - [TestNG] Time taken by org.testng.reporters.FailedReporter@119020fb: 101 ms
18:14:48.789 [main] INFO  org.testng.internal.Utils - [TestNG] Time taken by org.testng.reporters.XMLReporter@544820b7: 41 ms
18:14:48.805 [main] INFO  org.testng.internal.Utils - [TestNG] Time taken by org.testng.reporters.EmailableReporter2@13e547a9: 15 ms
18:14:49.032 [main] INFO  org.testng.internal.Utils - [TestNG] Time taken by org.testng.reporters.JUnitReportReporter@5e8ac0e1: 227 ms
18:14:49.033 [main] INFO  org.testng.internal.Utils - [TestNG] Time taken by org.testng.internal.ExitCodeListener@aafcffa: 0 ms
18:21:49.242 [main] DEBUG org.testng.TestNG - suiteXmlPath: "C:\Automation\Maven project\Opencart_122\master.xml"
18:21:49.815 [main] INFO  org.testng.internal.Utils - [TestNG] Running:
  C:\Automation\Maven project\Opencart_122\master.xml

14:29:52.460 [main] DEBUG org.testng.TestNG - suiteXmlPath: "C:\Automation\Maven project\Opencart_122\master.xml"
14:29:54.615 [main] INFO  org.testng.internal.Utils - [TestNG] Running:
  C:\Automation\Maven project\Opencart_122\master.xml

14:45:08.931 [main] DEBUG org.testng.TestNG - suiteXmlPath: "C:\Automation\Maven project\Opencart_122\master.xml"
14:45:09.616 [main] INFO  org.testng.internal.Utils - [TestNG] Running:
  C:\Automation\Maven project\Opencart_122\master.xml

14:54:55.716 [main] DEBUG org.testng.TestNG - suiteXmlPath: "C:\Automation\Maven project\Opencart_122\master.xml"
14:54:56.956 [main] INFO  org.testng.internal.Utils - [TestNG] Running:
  C:\Automation\Maven project\Opencart_122\master.xml

15:37:42.420 [main] DEBUG org.testng.TestNG - suiteXmlPath: "C:\Automation\Maven project\Opencart_122\grouping.xml"
15:37:43.167 [main] INFO  org.testng.internal.Utils - [TestNG] Running:
  C:\Automation\Maven project\Opencart_122\grouping.xml

15:44:46.517 [main] INFO  testCases.TC002_LoginTest - ****Starting TC002_LoginPage***
15:44:53.870 [main] INFO  testCases.TC002_LoginTest - ****Finished TC002_LoginTest*****
14:12:04.275 [main] DEBUG org.testng.TestNG - suiteXmlPath: "C:\Automation\Maven project\Opencart_122\master.xml"
14:12:05.607 [main] INFO  org.testng.internal.Utils - [TestNG] Running:
  C:\Automation\Maven project\Opencart_122\master.xml

14:16:08.399 [main] DEBUG org.testng.TestNG - suiteXmlPath: "C:\Automation\Maven project\Opencart_122\grouping.xml"
14:16:09.298 [main] INFO  org.testng.internal.Utils - [TestNG] Running:
  C:\Automation\Maven project\Opencart_122\grouping.xml

14:16:40.236 [main] INFO  testCases.TC001_AccountRegistationTest - ***Starting TC001_AccountRegistationTest*****
