14:02:02.267 [main] DEBUG org.testng.TestNG - suiteXmlPath: "C:\Automation\Maven project\Opencart_122\master.xml"
14:02:03.249 [main] INFO  org.testng.internal.Utils - [TestNG] Running:
  C:\Automation\Maven project\Opencart_122\master.xml

14:03:07.147 [main] INFO  testCases.TC002_LoginTest - ****Starting TC002_LoginPage***
14:09:26.321 [main] DEBUG org.testng.TestNG - suiteXmlPath: "C:\Automation\Maven project\Opencart_122\master.xml"
14:09:26.918 [main] INFO  org.testng.internal.Utils - [TestNG] Running:
  C:\Automation\Maven project\Opencart_122\master.xml

14:09:53.737 [main] INFO  testCases.TC002_LoginTest - ****Starting TC002_LoginPage***
14:11:21.912 [main] DEBUG org.testng.TestNG - suiteXmlPath: "C:\Automation\Maven project\Opencart_122\master.xml"
14:11:22.621 [main] INFO  org.testng.internal.Utils - [TestNG] Running:
  C:\Automation\Maven project\Opencart_122\master.xml

14:11:40.707 [main] INFO  testCases.TC002_LoginTest - ****Starting TC002_LoginPage***
14:11:44.554 [main] INFO  testCases.TC002_LoginTest - ****Finished TC002_LoginTest*****
13:05:10.588 [main] DEBUG org.testng.TestNG - suiteXmlPath: "C:\Automation\Maven project\Opencart_122\master.xml"
13:05:13.743 [main] INFO  org.testng.internal.Utils - [TestNG] Running:
  C:\Automation\Maven project\Opencart_122\master.xml

13:07:03.228 [main] INFO  testCases.TC002_LoginTest - ****Starting TC002_LoginPage***
13:07:16.780 [main] INFO  testCases.TC002_LoginTest - ****Finished TC002_LoginTest*****
18:14:45.947 [main] DEBUG org.testng.TestNG - suiteXmlPath: "C:\Users\admin\AppData\Local\Temp\testng-eclipse--1325894064\testng-customsuite.xml"
18:14:47.059 [main] INFO  org.testng.internal.Utils - [Utils] MethodGroupsHelper.collectMethodsByGroup() took 2 ms.
18:14:47.064 [main] INFO  org.testng.internal.Utils - [Utils] MethodGroupsHelper.sortMethods() took 3 ms.
18:14:47.068 [main] INFO  org.testng.internal.Utils - [Utils] MethodGroupsHelper.collectMethodsByGroup() took 0 ms.
18:14:47.068 [main] INFO  org.testng.internal.Utils - [Utils] MethodGroupsHelper.sortMethods() took 0 ms.
18:14:47.069 [main] INFO  org.testng.internal.Utils - [Utils] MethodGroupsHelper.collectMethodsByGroup() took 0 ms.
18:14:47.070 [main] INFO  org.testng.internal.Utils - [Utils] MethodGroupsHelper.sortMethods() took 0 ms.
18:14:47.072 [main] INFO  org.testng.internal.Utils - [Utils] MethodGroupsHelper.collectMethodsByGroup() took 0 ms.
18:14:47.073 [main] INFO  org.testng.internal.Utils - [Utils] MethodGroupsHelper.sortMethods() took 0 ms.
18:14:47.083 [main] INFO  org.testng.internal.Utils - [Utils] MethodGroupsHelper.collectMethodsByGroup() took 6 ms.
18:14:47.115 [main] INFO  org.testng.internal.Utils - [Utils] MethodGroupsHelper.sortMethods() took 31 ms.
18:14:47.118 [main] INFO  org.testng.internal.Utils - [Utils] MethodGroupsHelper.collectMethodsByGroup() took 0 ms.
18:14:47.119 [main] INFO  org.testng.internal.Utils - [Utils] MethodGroupsHelper.sortMethods() took 0 ms.
18:14:47.123 [main] INFO  org.testng.internal.Utils - [Utils] MethodGroupsHelper.collectMethodsByGroup() took 0 ms.
18:14:47.123 [main] INFO  org.testng.internal.Utils - [Utils] MethodGroupsHelper.sortMethods() took 0 ms.
18:14:47.125 [main] INFO  org.testng.internal.Utils - [Utils] MethodGroupsHelper.collectMethodsByGroup() took 0 ms.
18:14:47.125 [main] INFO  org.testng.internal.Utils - [Utils] MethodGroupsHelper.sortMethods() took 0 ms.
18:14:47.129 [main] INFO  org.testng.internal.Utils - [Utils] MethodGroupsHelper.collectMethodsByGroup() took 0 ms.
18:14:47.129 [main] INFO  org.testng.internal.Utils - [Utils] MethodGroupsHelper.sortMethods() took 0 ms.
18:14:47.130 [main] INFO  org.testng.internal.Utils - [Utils] MethodGroupsHelper.collectMethodsByGroup() took 0 ms.
18:14:47.131 [main] INFO  org.testng.internal.Utils - [Utils] MethodGroupsHelper.sortMethods() took 0 ms.
18:14:47.173 [main] INFO  org.testng.internal.Utils - [Utils] MethodGroupsHelper.collectMethodsByGroup() took 0 ms.
18:14:47.174 [main] INFO  org.testng.internal.Utils - [Utils] MethodGroupsHelper.sortMethods() took 0 ms.
18:14:47.174 [main] INFO  org.testng.internal.Utils - [Utils] MethodGroupsHelper.collectMethodsByGroup() took 0 ms.
18:14:47.175 [main] INFO  org.testng.internal.Utils - [Utils] MethodGroupsHelper.sortMethods() took 0 ms.
18:14:47.177 [main] INFO  org.testng.internal.Utils - [Utils] MethodGroupsHelper.collectMethodsByGroup() took 1 ms.
18:14:47.178 [main] INFO  org.testng.internal.Utils - [Utils] MethodGroupsHelper.sortMethods() took 0 ms.
18:14:47.182 [main] INFO  org.testng.internal.Utils - [Utils] MethodGroupsHelper.collectMethodsByGroup() took 0 ms.
18:14:47.182 [main] INFO  org.testng.internal.Utils - [Utils] MethodGroupsHelper.sortMethods() took 0 ms.
18:14:47.182 [main] INFO  org.testng.internal.Utils - [Utils] MethodGroupsHelper.collectMethodsByGroup() took 0 ms.
18:14:47.182 [main] INFO  org.testng.internal.Utils - [Utils] MethodGroupsHelper.sortMethods() took 0 ms.
