12:40:28.195 [main] INFO  org.testng.internal.Utils - [Utils] MethodGroupsHelper.sortMethods() took 6 ms.
12:40:28.480 [main] INFO  org.testng.internal.Utils - [Utils] MethodGroupsHelper.collectMethodsByGroup() took 0 ms.
12:40:28.481 [main] INFO  org.testng.internal.Utils - [Utils] MethodGroupsHelper.sortMethods() took 0 ms.
12:40:28.482 [main] INFO  org.testng.internal.Utils - [Utils] MethodGroupsHelper.collectMethodsByGroup() took 0 ms.
12:40:28.483 [main] INFO  org.testng.internal.Utils - [Utils] MethodGroupsHelper.sortMethods() took 0 ms.
12:40:28.484 [main] INFO  org.testng.internal.Utils - [Utils] MethodGroupsHelper.collectMethodsByGroup() took 0 ms.
12:40:28.487 [main] INFO  org.testng.internal.Utils - [Utils] MethodGroupsHelper.sortMethods() took 0 ms.
12:40:28.497 [main] INFO  org.testng.internal.Utils - [Utils] MethodGroupsHelper.collectMethodsByGroup() took 6 ms.
12:40:29.296 [main] INFO  org.testng.internal.Utils - [Utils] MethodGroupsHelper.sortMethods() took 799 ms.
12:40:29.299 [main] INFO  org.testng.internal.Utils - [Utils] MethodGroupsHelper.collectMethodsByGroup() took 0 ms.
12:40:29.300 [main] INFO  org.testng.internal.Utils - [Utils] MethodGroupsHelper.sortMethods() took 0 ms.
12:40:29.302 [main] INFO  org.testng.internal.Utils - [Utils] MethodGroupsHelper.collectMethodsByGroup() took 0 ms.
12:40:29.302 [main] INFO  org.testng.internal.Utils - [Utils] MethodGroupsHelper.sortMethods() took 0 ms.
12:40:29.303 [main] INFO  org.testng.internal.Utils - [Utils] MethodGroupsHelper.collectMethodsByGroup() took 0 ms.
12:40:29.303 [main] INFO  org.testng.internal.Utils - [Utils] MethodGroupsHelper.sortMethods() took 0 ms.
12:40:29.306 [main] INFO  org.testng.internal.Utils - [Utils] MethodGroupsHelper.collectMethodsByGroup() took 0 ms.
12:40:29.306 [main] INFO  org.testng.internal.Utils - [Utils] MethodGroupsHelper.sortMethods() took 0 ms.
12:40:29.307 [main] INFO  org.testng.internal.Utils - [Utils] MethodGroupsHelper.collectMethodsByGroup() took 0 ms.
12:40:29.308 [main] INFO  org.testng.internal.Utils - [Utils] MethodGroupsHelper.sortMethods() took 0 ms.
12:40:29.668 [main] INFO  org.testng.internal.Utils - [Utils] MethodGroupsHelper.collectMethodsByGroup() took 0 ms.
12:40:29.669 [main] INFO  org.testng.internal.Utils - [Utils] MethodGroupsHelper.sortMethods() took 0 ms.
12:40:29.669 [main] INFO  org.testng.internal.Utils - [Utils] MethodGroupsHelper.collectMethodsByGroup() took 0 ms.
12:40:29.669 [main] INFO  org.testng.internal.Utils - [Utils] MethodGroupsHelper.sortMethods() took 0 ms.
12:40:29.672 [main] INFO  org.testng.internal.Utils - [Utils] MethodGroupsHelper.collectMethodsByGroup() took 0 ms.
12:40:29.673 [main] INFO  org.testng.internal.Utils - [Utils] MethodGroupsHelper.sortMethods() took 0 ms.
12:40:29.678 [main] INFO  org.testng.internal.Utils - [Utils] MethodGroupsHelper.collectMethodsByGroup() took 0 ms.
12:40:29.678 [main] INFO  org.testng.internal.Utils - [Utils] MethodGroupsHelper.sortMethods() took 0 ms.
12:40:29.679 [main] INFO  org.testng.internal.Utils - [Utils] MethodGroupsHelper.collectMethodsByGroup() took 0 ms.
12:40:29.679 [main] INFO  org.testng.internal.Utils - [Utils] MethodGroupsHelper.sortMethods() took 0 ms.
12:40:29.703 [main] INFO  org.testng.internal.Utils - [TestNG] Running:
  C:\Users\admin\AppData\Local\Temp\testng-eclipse-2010187180\testng-customsuite.xml

12:40:29.795 [main] INFO  org.testng.internal.Utils - [Utils] DynamicGraphHelper.createDynamicGraph() took 11 ms.
12:40:32.030 [main] INFO  org.testng.internal.Utils - [TestNG] Time taken by org.testng.reporters.jq.Main@639bf405: 796 ms
12:40:32.238 [main] INFO  org.testng.internal.Utils - [TestNG] Time taken by org.testng.reporters.FailedReporter@ce8b59e: 207 ms
12:40:32.476 [main] INFO  org.testng.internal.Utils - [TestNG] Time taken by org.testng.reporters.XMLReporter@202fd4c4: 238 ms
12:40:32.494 [main] INFO  org.testng.internal.Utils - [TestNG] Time taken by org.testng.reporters.EmailableReporter2@723f8990: 18 ms
12:40:32.527 [main] INFO  org.testng.internal.Utils - [TestNG] Time taken by org.testng.reporters.JUnitReportReporter@5ed463b7: 33 ms
12:40:32.527 [main] INFO  org.testng.internal.Utils - [TestNG] Time taken by org.testng.internal.ExitCodeListener@1ae90cb9: 0 ms
13:19:32.945 [main] DEBUG org.testng.TestNG - suiteXmlPath: "C:\Automation\Maven project\Opencart_122\master.xml"
13:19:33.917 [main] INFO  org.testng.internal.Utils - [TestNG] Running:
  C:\Automation\Maven project\Opencart_122\master.xml

13:28:11.147 [main] DEBUG org.testng.TestNG - suiteXmlPath: "C:\Automation\Maven project\Opencart_122\master.xml"
13:36:49.433 [main] DEBUG org.testng.TestNG - suiteXmlPath: "C:\Automation\Maven project\Opencart_122\master.xml"
13:43:52.905 [main] DEBUG org.testng.TestNG - suiteXmlPath: "C:\Automation\Maven project\Opencart_122\master.xml"
13:48:02.047 [main] INFO  testCases.TC002_LoginTest - ****Starting TC002_LoginPage***
13:50:14.646 [main] INFO  testCases.TC002_LoginTest - ****Finished TC002_LoginTest*****
